<?xml version="1.0" encoding="UTF-8"?>
<robot generator="Robot 7.0.1 (Python 3.12.4 on win32)" generated="2025-03-11T14:58:54.111582" rpa="false" schemaversion="5">
<suite id="s1" name="Amazon Testes" source="c:\WebTest\amazon_testes.robot">
<test id="s1-t1" name="Caso de Teste 1 - Acesso ao menu &quot;Eletrônicos&quot;" line="9">
<kw name="Abrir o navegador" owner="amazon_resources" type="SETUP">
<kw name="Open Browser" owner="SeleniumLibrary">
<msg time="2025-03-11T14:58:54.506986" level="INFO">Opening browser 'chrome' to base url 'None'.</msg>
<arg>browser=chrome</arg>
<doc>Opens a new browser instance to the optional ``url``.</doc>
<status status="PASS" start="2025-03-11T14:58:54.506986" elapsed="6.242234"/>
</kw>
<kw name="Maximize Browser Window" owner="SeleniumLibrary">
<doc>Maximizes current browser window.</doc>
<status status="PASS" start="2025-03-11T14:59:00.751235" elapsed="0.144022"/>
</kw>
<status status="PASS" start="2025-03-11T14:58:54.506986" elapsed="6.392294"/>
</kw>
<kw name="Acessar a home page do site Amazon.com.br" owner="amazon_resources">
<kw name="Go To" owner="SeleniumLibrary">
<msg time="2025-03-11T14:59:00.911192" level="INFO">Opening url 'https://www.amazon.com.br/'</msg>
<arg>url=${URL}</arg>
<doc>Navigates the current browser window to the provided ``url``.</doc>
<status status="PASS" start="2025-03-11T14:59:00.909180" elapsed="3.966210"/>
</kw>
<kw name="Wait Until Element Is Visible" owner="SeleniumLibrary">
<msg time="2025-03-11T14:59:10.074098" level="INFO" html="true">&lt;/td&gt;&lt;/tr&gt;&lt;tr&gt;&lt;td colspan="3"&gt;&lt;a href="selenium-screenshot-8.png"&gt;&lt;img src="selenium-screenshot-8.png" width="800px"&gt;&lt;/a&gt;</msg>
<msg time="2025-03-11T14:59:10.074098" level="FAIL">Element '//a[@href='/Eletronicos-e-Tecnologia/b/?ie=UTF8&amp;node=16209062011&amp;ref_=nav_cs_electronics'][contains(.,'Eletrônicos')]' not visible after 5 seconds.</msg>
<arg>locator=${Menu_Eletronicos}</arg>
<doc>Waits until the element ``locator`` is visible.</doc>
<status status="FAIL" start="2025-03-11T14:59:04.879394" elapsed="5.282310">Element '//a[@href='/Eletronicos-e-Tecnologia/b/?ie=UTF8&amp;node=16209062011&amp;ref_=nav_cs_electronics'][contains(.,'Eletrônicos')]' not visible after 5 seconds.</status>
</kw>
<status status="FAIL" start="2025-03-11T14:59:00.907153" elapsed="9.254551">Element '//a[@href='/Eletronicos-e-Tecnologia/b/?ie=UTF8&amp;node=16209062011&amp;ref_=nav_cs_electronics'][contains(.,'Eletrônicos')]' not visible after 5 seconds.</status>
</kw>
<kw name="Entrar no menu &quot;Eletrônicos&quot;" owner="amazon_resources">
<status status="NOT RUN" start="2025-03-11T14:59:10.161704" elapsed="0.000000"/>
</kw>
<kw name="Verificar se aparece a frase &quot;Eletrônicos e Tecnologia&quot;" owner="amazon_resources" source_name="Verificar se aparece a frase &quot;${FRASE}&quot;">
<status status="NOT RUN" start="2025-03-11T14:59:10.170566" elapsed="0.000000"/>
</kw>
<kw name="Verificar se o título da página fica &quot;Eletrônicos e Tecnologia | Amazon.com.br&quot;" owner="amazon_resources" source_name="Verificar se o título da página fica &quot;${TITULO}&quot;">
<status status="NOT RUN" start="2025-03-11T14:59:10.172587" elapsed="0.000000"/>
</kw>
<kw name="Verificar se aparece a categoria &quot;Computadores e Informática&quot;" owner="amazon_resources" source_name="Verificar se aparece a categoria &quot;${Nome_Categoria}&quot;">
<status status="NOT RUN" start="2025-03-11T14:59:10.172587" elapsed="0.002011"/>
</kw>
<doc>Esse teste Verifica o menu Eletrônico da Amazon</doc>
<tag>menus</tag>
<status status="FAIL" start="2025-03-11T14:58:54.506986" elapsed="15.667612">Element '//a[@href='/Eletronicos-e-Tecnologia/b/?ie=UTF8&amp;node=16209062011&amp;ref_=nav_cs_electronics'][contains(.,'Eletrônicos')]' not visible after 5 seconds.</status>
</test>
<doc>Essa suite de teste testa o site da Amazon</doc>
<status status="FAIL" start="2025-03-11T14:58:54.123194" elapsed="16.051404"/>
</suite>
<statistics>
<total>
<stat pass="0" fail="1" skip="0">All Tests</stat>
</total>
<tag>
<stat pass="0" fail="1" skip="0">menus</stat>
</tag>
<suite>
<stat pass="0" fail="1" skip="0" id="s1" name="Amazon Testes">Amazon Testes</stat>
</suite>
</statistics>
<errors>
</errors>
</robot>
